<?xml version="1.0" encoding="UTF-8"?>
<testng-results ignored="0" total="0" passed="0" failed="0" skipped="0">
  <reporter-output>
  </reporter-output>
  <suite started-at="2023-09-26T02:02:45 GMT-07:00" name="Suite123" finished-at="2023-09-26T02:02:45 GMT-07:00" duration-ms="29">
    <groups>
    </groups>
    <test started-at="2023-09-26T02:02:45 GMT-07:00" name="Test" finished-at="2023-09-26T02:02:45 GMT-07:00" duration-ms="29">
      <class name="TestClass1.Demo">
        <test-method is-config="true" signature="beforeSuite()[pri:0, instance:TestClass1.Demo@65c7a252]" started-at="2023-09-26T02:02:45 GMT-07:00" name="beforeSuite" finished-at="2023-09-26T02:02:45 GMT-07:00" duration-ms="32" status="PASS">
          <reporter-output>
          </reporter-output>
        </test-method> <!-- beforeSuite -->
        <test-method is-config="true" signature="beforeTest()[pri:0, instance:TestClass1.Demo@65c7a252]" started-at="2023-09-26T02:02:45 GMT-07:00" name="beforeTest" finished-at="2023-09-26T02:02:45 GMT-07:00" duration-ms="2" status="PASS">
          <reporter-output>
          </reporter-output>
        </test-method> <!-- beforeTest -->
        <test-method is-config="true" signature="afterTest()[pri:0, instance:TestClass1.Demo@65c7a252]" started-at="2023-09-26T02:02:45 GMT-07:00" name="afterTest" finished-at="2023-09-26T02:02:45 GMT-07:00" duration-ms="1" status="PASS">
          <reporter-output>
          </reporter-output>
        </test-method> <!-- afterTest -->
        <test-method is-config="true" signature="aeforeSuite()[pri:0, instance:TestClass1.Demo@65c7a252]" started-at="2023-09-26T02:02:45 GMT-07:00" name="aeforeSuite" finished-at="2023-09-26T02:02:45 GMT-07:00" duration-ms="1" status="PASS">
          <reporter-output>
          </reporter-output>
        </test-method> <!-- aeforeSuite -->
      </class> <!-- TestClass1.Demo -->
    </test> <!-- Test -->
  </suite> <!-- Suite123 -->
</testng-results>
